[ 2016-10-08T11:38:12+08:00 ] ::1 /waimaitp/css/common_12dc87d.css
INFO: [ app_init ] --START--
INFO: Run Behavior\BuildLiteBehavior [ RunTime:0.000000s ]
INFO: [ app_init ] --END-- [ RunTime:0.001000s ]
ERR: 无法加载模块:Css

[ 2016-10-08T11:40:42+08:00 ] ::1 /waimaitp/Public/waimaitp/css/main_5d1e2f0.css
INFO: [ app_init ] --START--
INFO: Run Behavior\BuildLiteBehavior [ RunTime:0.000000s ]
INFO: [ app_init ] --END-- [ RunTime:0.001000s ]
ERR: 无法加载模块:Public

[ 2016-10-08T11:40:42+08:00 ] ::1 /waimaitp/Public/waimaitp/css/common_12dc87d.css
INFO: [ app_init ] --START--
INFO: Run Behavior\BuildLiteBehavior [ RunTime:0.000000s ]
INFO: [ app_init ] --END-- [ RunTime:0.002000s ]
ERR: 无法加载模块:Public

[ 2016-10-08T11:40:42+08:00 ] ::1 /waimaitp/Public/waimaitp/%20css/shoplist_a774a9c.css
INFO: [ app_init ] --START--
INFO: Run Behavior\BuildLiteBehavior [ RunTime:0.000000s ]
INFO: [ app_init ] --END-- [ RunTime:0.001000s ]
ERR: 无法加载模块:Public

[ 2016-10-08T11:40:42+08:00 ] ::1 /waimaitp/Public/waimaitp/css/landing_dc1f971.css
INFO: [ app_init ] --START--
INFO: Run Behavior\BuildLiteBehavior [ RunTime:0.000000s ]
INFO: [ app_init ] --END-- [ RunTime:0.005000s ]
ERR: 无法加载模块:Public

[ 2016-10-08T14:40:56+08:00 ] ::1 /waimaitp/Public/images/4b25f27670a94130a5dae1b44b910f72.gif
INFO: [ app_init ] --START--
INFO: Run Behavior\BuildLiteBehavior [ RunTime:0.000000s ]
INFO: [ app_init ] --END-- [ RunTime:0.003001s ]
ERR: 无法加载模块:Public

[ 2016-10-08T14:40:56+08:00 ] ::1 /waimaitp/Public/images/f349098a8372467aa6a7dad508ab49bb.gif
INFO: [ app_init ] --START--
INFO: Run Behavior\BuildLiteBehavior [ RunTime:0.000000s ]
INFO: [ app_init ] --END-- [ RunTime:0.001000s ]
ERR: 无法加载模块:Public

[ 2016-10-08T14:44:54+08:00 ] ::1 /waimaitp/Public/images/f349098a8372467aa6a7dad508ab49bb.gif
INFO: [ app_init ] --START--
INFO: Run Behavior\BuildLiteBehavior [ RunTime:0.000000s ]
INFO: [ app_init ] --END-- [ RunTime:0.001000s ]
ERR: 无法加载模块:Public

[ 2016-10-08T14:46:59+08:00 ] ::1 /waimaitp/Public/images/f349098a8372467aa6a7dad508ab49bb.gif
INFO: [ app_init ] --START--
INFO: Run Behavior\BuildLiteBehavior [ RunTime:0.000000s ]
INFO: [ app_init ] --END-- [ RunTime:0.002000s ]
ERR: 无法加载模块:Public

[ 2016-10-08T14:52:31+08:00 ] ::1 /waimaitp/Public/images/4b25f27670a94130a5dae1b44b910f72.gif
INFO: [ app_init ] --START--
INFO: Run Behavior\BuildLiteBehavior [ RunTime:0.001000s ]
INFO: [ app_init ] --END-- [ RunTime:0.001000s ]
ERR: 无法加载模块:Public

[ 2016-10-08T14:52:41+08:00 ] ::1 /waimaitp/Public/images/f349098a8372467aa6a7dad508ab49bb.gif
INFO: [ app_init ] --START--
INFO: Run Behavior\BuildLiteBehavior [ RunTime:0.000000s ]
INFO: [ app_init ] --END-- [ RunTime:0.001001s ]
ERR: 无法加载模块:Public

[ 2016-10-08T15:06:24+08:00 ] ::1 /waimaitp/Public/images/f349098a8372467aa6a7dad508ab49bb.gif
INFO: [ app_init ] --START--
INFO: Run Behavior\BuildLiteBehavior [ RunTime:0.000000s ]
INFO: [ app_init ] --END-- [ RunTime:0.001000s ]
ERR: 无法加载模块:Public

[ 2016-10-08T15:09:27+08:00 ] ::1 /waimaitp/Public/images/f349098a8372467aa6a7dad508ab49bb.gif
INFO: [ app_init ] --START--
INFO: Run Behavior\BuildLiteBehavior [ RunTime:0.000000s ]
INFO: [ app_init ] --END-- [ RunTime:0.001000s ]
ERR: 无法加载模块:Public

[ 2016-10-08T15:09:27+08:00 ] ::1 /waimaitp/Public/images/4b25f27670a94130a5dae1b44b910f72.gif
INFO: [ app_init ] --START--
INFO: Run Behavior\BuildLiteBehavior [ RunTime:0.000000s ]
INFO: [ app_init ] --END-- [ RunTime:0.002000s ]
ERR: 无法加载模块:Public

[ 2016-10-08T15:22:50+08:00 ] ::1 /waimaitp/Public/images/4b25f27670a94130a5dae1b44b910f72.gif
INFO: [ app_init ] --START--
INFO: Run Behavior\BuildLiteBehavior [ RunTime:0.000000s ]
INFO: [ app_init ] --END-- [ RunTime:0.001000s ]
ERR: 无法加载模块:Public

[ 2016-10-08T15:23:15+08:00 ] ::1 /waimaitp/Public/images/f349098a8372467aa6a7dad508ab49bb.gif
INFO: [ app_init ] --START--
INFO: Run Behavior\BuildLiteBehavior [ RunTime:0.000000s ]
INFO: [ app_init ] --END-- [ RunTime:0.002000s ]
ERR: 无法加载模块:Public

[ 2016-10-08T15:23:26+08:00 ] ::1 /waimaitp/Public/images/f349098a8372467aa6a7dad508ab49bb.gif
INFO: [ app_init ] --START--
INFO: Run Behavior\BuildLiteBehavior [ RunTime:0.000000s ]
INFO: [ app_init ] --END-- [ RunTime:0.001000s ]
ERR: 无法加载模块:Public

[ 2016-10-08T15:23:45+08:00 ] ::1 /waimaitp/Public/images/f349098a8372467aa6a7dad508ab49bb.gif
INFO: [ app_init ] --START--
INFO: Run Behavior\BuildLiteBehavior [ RunTime:0.000000s ]
INFO: [ app_init ] --END-- [ RunTime:0.001000s ]
ERR: 无法加载模块:Public

[ 2016-10-08T15:24:18+08:00 ] ::1 /waimaitp/Public/images/f349098a8372467aa6a7dad508ab49bb.gif
INFO: [ app_init ] --START--
INFO: Run Behavior\BuildLiteBehavior [ RunTime:0.000000s ]
INFO: [ app_init ] --END-- [ RunTime:0.001000s ]
ERR: 无法加载模块:Public

